<?xml version="1.0" encoding="UTF-8"?>
<!-- Generated by org.testng.reporters.JUnitXMLReporter -->
<testsuite hostname="DESKTOP-M7OO6FQ" ignored="0" name="VerifyLowestPriceFilterTest" tests="1" failures="1" timestamp="2020-09-08T11:53:57 IST" time="39.875" errors="0">
  <testcase name="verifyLowestFirstPriceInProduct_deatsilsPage" time="32.279" classname="com.uiFramework.companyName.projectName.testScripts.productDetailsPage.VerifyLowestPriceFilterTest">
    <failure type="java.lang.AssertionError" message="expected [true] but found [false]">
      <![CDATA[java.lang.AssertionError: expected [true] but found [false]
at com.uiFramework.companyName.projectName.helper.asserssions.AsserssionHelper.fail(AsserssionHelper.java:65)
at com.uiFramework.companyName.projectName.helper.asserssions.AsserssionHelper.upDateTestStaus(AsserssionHelper.java:75)
at com.uiFramework.companyName.projectName.testScripts.productDetailsPage.VerifyLowestPriceFilterTest.verifyLowestFirstPriceInProduct_deatsilsPage(VerifyLowestPriceFilterTest.java:40)
at java.util.ArrayList.forEach(Unknown Source)
... Removed 31 stack frames]]>
    </failure>
  </testcase> <!-- verifyLowestFirstPriceInProduct_deatsilsPage -->
</testsuite> <!-- VerifyLowestPriceFilterTest -->
