<?xml version="1.0" encoding="UTF-8"?>
<!-- Generated by org.testng.reporters.JUnitXMLReporter -->
<testsuite hostname="DESKTOP-M7OO6FQ" ignored="1" name="Test" tests="8" failures="4" timestamp="2020-08-27T12:28:13 IST" time="0.659" errors="0">
  <testcase name="TestLogin" time="0.031" classname="com.uiFramework.companyName.projectName.testScripts.Test1"/>
  <testcase name="TestLogin1" time="0.003" classname="com.uiFramework.companyName.projectName.testScripts.Test1">
    <failure type="java.lang.AssertionError" message="expected [true] but found [false]">
      <![CDATA[java.lang.AssertionError: expected [true] but found [false]
at com.uiFramework.companyName.projectName.helper.asserssions.AsserssionHelper.makeFalse(AsserssionHelper.java:30)
at com.uiFramework.companyName.projectName.testScripts.Test1.TestLogin1(Test1.java:17)
at java.util.ArrayList.forEach(Unknown Source)
... Removed 31 stack frames]]>
    </failure>
  </testcase> <!-- TestLogin1 -->
  <testcase name="TestLogin2" time="0.001" classname="com.uiFramework.companyName.projectName.testScripts.Test1">
    <failure type="java.lang.AssertionError" message="expected [true] but found [false]">
      <![CDATA[java.lang.AssertionError: expected [true] but found [false]
at com.uiFramework.companyName.projectName.helper.asserssions.AsserssionHelper.makeFalse(AsserssionHelper.java:30)
at com.uiFramework.companyName.projectName.testScripts.Test1.TestLogin2(Test1.java:22)
at java.util.ArrayList.forEach(Unknown Source)
... Removed 31 stack frames]]>
    </failure>
  </testcase> <!-- TestLogin2 -->
  <testcase name="TestLogin3" time="0.004" classname="com.uiFramework.companyName.projectName.testScripts.Test1"/>
  <testcase name="TestLogin" time="0.002" classname="com.uiFramework.companyName.projectName.testScripts.Test2"/>
  <testcase name="TestLogin1" time="0.002" classname="com.uiFramework.companyName.projectName.testScripts.Test2">
    <failure type="java.lang.AssertionError" message="expected [true] but found [false]">
      <![CDATA[java.lang.AssertionError: expected [true] but found [false]
at com.uiFramework.companyName.projectName.helper.asserssions.AsserssionHelper.makeFalse(AsserssionHelper.java:30)
at com.uiFramework.companyName.projectName.testScripts.Test2.TestLogin1(Test2.java:17)
at java.util.ArrayList.forEach(Unknown Source)
... Removed 31 stack frames]]>
    </failure>
  </testcase> <!-- TestLogin1 -->
  <testcase name="TestLogin2" time="0.002" classname="com.uiFramework.companyName.projectName.testScripts.Test2">
    <failure type="java.lang.AssertionError" message="expected [true] but found [false]">
      <![CDATA[java.lang.AssertionError: expected [true] but found [false]
at com.uiFramework.companyName.projectName.helper.asserssions.AsserssionHelper.makeFalse(AsserssionHelper.java:30)
at com.uiFramework.companyName.projectName.testScripts.Test2.TestLogin2(Test2.java:22)
at java.util.ArrayList.forEach(Unknown Source)
... Removed 31 stack frames]]>
    </failure>
  </testcase> <!-- TestLogin2 -->
  <testcase name="TestLogin3" time="0.003" classname="com.uiFramework.companyName.projectName.testScripts.Test2"/>
  <testcase name="@BeforeSuite beforeSuite" time="0.0" classname="com.uiFramework.companyName.projectName.testbase.Testbase">
    <ignored/>
  </testcase> <!-- @BeforeSuite beforeSuite -->
</testsuite> <!-- Test -->
