<?xml version="1.0" encoding="UTF-8"?>
<!-- Generated by org.testng.reporters.JUnitXMLReporter -->
<testsuite hostname="DESKTOP-M7OO6FQ" ignored="0" name="B" tests="1" failures="1" timestamp="2020-09-01T11:47:04 IST" time="0.01" errors="0">
  <testcase name="DemoB" time="0.003" classname="com.uiFramework.B">
    <failure type="java.lang.AssertionError" message="expected [true] but found [false]">
      <![CDATA[java.lang.AssertionError: expected [true] but found [false]
at com.uiFramework.B.DemoB(B.java:20)
at java.util.ArrayList.forEach(Unknown Source)
... Removed 31 stack frames]]>
    </failure>
  </testcase> <!-- DemoB -->
</testsuite> <!-- B -->
