<?xml version="1.0" encoding="UTF-8"?>
<!-- Generated by org.testng.reporters.JUnitXMLReporter -->
<testsuite hostname="DESKTOP-M7OO6FQ" ignored="0" name="Second Test" tests="3" failures="0" timestamp="2020-08-28T14:13:24 IST" time="0.056" errors="0">
  <testcase name="DemoB" time="0.002" classname="com.uiFramework.B">
    <skipped/>
  </testcase> <!-- DemoB -->
  <testcase name="DemoB" time="0.001" classname="com.uiFramework.B">
    <skipped/>
  </testcase> <!-- DemoB -->
  <testcase name="DemoB" time="0.002" classname="com.uiFramework.B"/>
</testsuite> <!-- Second Test -->
