<?xml version="1.0" encoding="UTF-8"?>
<!-- Generated by org.testng.reporters.JUnitXMLReporter -->
<testsuite hostname="DESKTOP-M7OO6FQ" ignored="0" name="Third Test" tests="3" failures="0" timestamp="2020-08-28T14:13:24 IST" time="0.014" errors="0">
  <testcase name="DemoC" time="0.001" classname="com.uiFramework.C">
    <skipped/>
  </testcase> <!-- DemoC -->
  <testcase name="DemoC" time="0.002" classname="com.uiFramework.C">
    <skipped/>
  </testcase> <!-- DemoC -->
  <testcase name="DemoC" time="0.003" classname="com.uiFramework.C"/>
</testsuite> <!-- Third Test -->
